<?xml version="1.0" encoding="utf-8"?><testsuites name="pytest tests"><testsuite name="pytest" errors="0" failures="0" skipped="0" tests="26" time="4.720" timestamp="2026-06-11T04:04:43.262190+00:00" hostname="agent-env-bf0e83c5-3792-4e49-bb45-727b3e8abc9a"><testcase classname="backend.tests.backend_test.TestHealth" name="test_health" time="0.206" /><testcase classname="backend.tests.backend_test.TestAuth" name="test_login_success_sets_cookie" time="0.370" /><testcase classname="backend.tests.backend_test.TestAuth" name="test_me" time="0.392" /><testcase classname="backend.tests.backend_test.TestAuth" name="test_login_invalid_password" time="0.327" /><testcase classname="backend.tests.backend_test.TestAuth" name="test_register_and_logout" time="0.437" /><testcase classname="backend.tests.backend_test.TestOverview" name="test_overview_demo_has_data" time="0.055" /><testcase classname="backend.tests.backend_test.TestOverview" name="test_overview_ranges" time="0.221" /><testcase classname="backend.tests.backend_test.TestOverview" name="test_overview_fresh_user_empty" time="0.385" /><testcase classname="backend.tests.backend_test.TestSessions" name="test_list" time="0.054" /><testcase classname="backend.tests.backend_test.TestSessions" name="test_filter_classification" time="0.056" /><testcase classname="backend.tests.backend_test.TestSessions" name="test_session_action" time="0.154" /><testcase classname="backend.tests.backend_test.TestConversions" name="test_list" time="0.050" /><testcase classname="backend.tests.backend_test.TestConversions" name="test_conversion_action" time="0.104" /><testcase classname="backend.tests.backend_test.TestCampaigns" name="test_campaigns" time="0.055" /><testcase classname="backend.tests.backend_test.TestRules" name="test_create_toggle_delete" time="0.202" /><testcase classname="backend.tests.backend_test.TestInvestigations" name="test_clusters_and_investigation_flow" time="0.174" /><testcase classname="backend.tests.backend_test.TestIntegrations" name="test_connect_disconnect" time="0.110" /><testcase classname="backend.tests.backend_test.TestWorkspace" name="test_sensitivity_persist" time="0.200" /><testcase classname="backend.tests.backend_test.TestWorkspace" name="test_members_invite" time="0.324" /><testcase classname="backend.tests.backend_test.TestWorkspace" name="test_audit_logs" time="0.050" /><testcase classname="backend.tests.backend_test.TestSDK" name="test_poh_js_served" time="0.160" /><testcase classname="backend.tests.backend_test.TestSDK" name="test_collect_invalid_key" time="0.106" /><testcase classname="backend.tests.backend_test.TestSDK" name="test_collect_valid_key" time="0.121" /><testcase classname="backend.tests.backend_test.TestSDK" name="test_convert_valid_key" time="0.107" /><testcase classname="backend.tests.backend_test.TestOnboarding" name="test_fresh_user_has_sdk_key" time="0.052" /><testcase classname="backend.tests.backend_test.TestOnboarding" name="test_fresh_user_can_seed_demo" time="0.147" /></testsuite></testsuites>